{
  "0 debug pnpm:scope": {
    "selected": 1
  },
  "1 error pnpm": {
    "code": "ELIFECYCLE",
    "errno": "ENOENT",
    "syscall": "spawn",
    "file": "sh",
    "pkgid": "@0.0.1",
    "stage": "dev",
    "script": "vite-ssr --host",
    "err": {
      "name": "pnpm",
      "message": "@0.0.1 dev: `vite-ssr --host`\nspawn ENOENT",
      "code": "ELIFECYCLE",
      "stack": "pnpm: @0.0.1 dev: `vite-ssr --host`\nspawn ENOENT\n    at ChildProcess.<anonymous> (/home/chris/.nvm/versions/node/v16.3.0/pnpm-global/5/node_modules/.pnpm/pnpm@6.24.4/node_modules/pnpm/dist/pnpm.cjs:91795:22)\n    at ChildProcess.emit (node:events:394:28)\n    at maybeClose (node:internal/child_process:1067:16)\n    at Process.ChildProcess._handle.onexit (node:internal/child_process:301:5)"
    }
  },
  "2 warn pnpm:global": " Local package.json exists, but node_modules missing, did you mean to install?"
}